<?xml version="1.0" encoding="UTF-8"?>
<!-- Generated by org.testng.reporters.JUnitReportReporter -->
<testsuite hostname="IN-BQ6WPQ3" failures="0" tests="1" name="glintReports.GlintReportsLogin" time="64.597" errors="0" timestamp="2024-11-27T22:47:14 IST" skipped="0">
  <testcase classname="glintReports.GlintReportsLogin" name="TC_010" time="64.597"/>
  <system-out/>
</testsuite> <!-- glintReports.GlintReportsLogin -->
